d:\hansdata\01_a\01_f\globalrgbkb\01-git\grgbkb_dll\grgbkb_dll\release\grgbkb_dll.pch
d:\hansdata\01_a\01_f\globalrgbkb\01-git\grgbkb_dll\grgbkb_dll\release\vc140.pdb
d:\hansdata\01_a\01_f\globalrgbkb\01-git\grgbkb_dll\grgbkb_dll\release\stdafx.obj
d:\hansdata\01_a\01_f\globalrgbkb\01-git\grgbkb_dll\grgbkb_dll\release\dllmain.obj
d:\hansdata\01_a\01_f\globalrgbkb\01-git\grgbkb_dll\grgbkb_dll\release\grgbkb_dll.obj
d:\hansdata\01_a\01_f\globalrgbkb\01-git\grgbkb_dll\release\grgbkb_dll.lib
d:\hansdata\01_a\01_f\globalrgbkb\01-git\grgbkb_dll\release\grgbkb_dll.exp
d:\hansdata\01_a\01_f\globalrgbkb\01-git\grgbkb_dll\release\grgbkb_dll.dll
d:\hansdata\01_a\01_f\globalrgbkb\01-git\grgbkb_dll\release\grgbkb_dll.ipdb
d:\hansdata\01_a\01_f\globalrgbkb\01-git\grgbkb_dll\release\grgbkb_dll.iobj
d:\hansdata\01_a\01_f\globalrgbkb\01-git\grgbkb_dll\release\grgbkb_dll.pdb
d:\hansdata\01_a\01_f\01_c#\01_rgb_kb_ui\20170721_mycolor2\grgbkb_dll\grgbkb_dll\release\dllmain.obj
d:\hansdata\01_a\01_f\01_c#\01_rgb_kb_ui\20170721_mycolor2\grgbkb_dll\grgbkb_dll\release\grgbkb_dll.obj
d:\hansdata\01_a\01_f\01_c#\01_rgb_kb_ui\20170721_mycolor2\grgbkb_dll\grgbkb_dll\release\stdafx.obj
d:\hansdata\01_a\01_f\01_c#\01_rgb_kb_ui\20170721_mycolor2\grgbkb_dll\grgbkb_dll\release\grgbkb_dll.pch
d:\hansdata\01_a\01_f\01_c#\01_rgb_kb_ui\20170721_mycolor2\grgbkb_dll\grgbkb_dll\release\vc140.pdb
d:\hansdata\01_a\01_f\01_c#\01_rgb_kb_ui\20170721_mycolor2\release\grgbkb_dll.dll
d:\hansdata\01_a\01_f\01_c#\01_rgb_kb_ui\20170721_mycolor2\grgbkb_dll\grgbkb_dll\release\grgbkb_dll.tlog\cl.command.1.tlog
d:\hansdata\01_a\01_f\01_c#\01_rgb_kb_ui\20170721_mycolor2\grgbkb_dll\grgbkb_dll\release\grgbkb_dll.tlog\cl.read.1.tlog
d:\hansdata\01_a\01_f\01_c#\01_rgb_kb_ui\20170721_mycolor2\grgbkb_dll\grgbkb_dll\release\grgbkb_dll.tlog\cl.write.1.tlog
d:\hansdata\01_a\01_f\01_c#\01_rgb_kb_ui\20170721_mycolor2\grgbkb_dll\grgbkb_dll\release\grgbkb_dll.tlog\grgbkb_dll.write.1u.tlog
d:\hansdata\01_a\01_f\01_c#\01_rgb_kb_ui\20170721_mycolor2\grgbkb_dll\grgbkb_dll\release\grgbkb_dll.tlog\link.command.1.tlog
d:\hansdata\01_a\01_f\01_c#\01_rgb_kb_ui\20170721_mycolor2\grgbkb_dll\grgbkb_dll\release\grgbkb_dll.tlog\link.read.1.tlog
d:\hansdata\01_a\01_f\01_c#\01_rgb_kb_ui\20170721_mycolor2\grgbkb_dll\grgbkb_dll\release\grgbkb_dll.tlog\link.write.1.tlog
