d:\hansdata\01_a\01_f\01_c#\01_rgb_kb_ui\20170724_mycolor2\x64\release\audiostealer.lib
d:\hansdata\01_a\01_f\01_c#\01_rgb_kb_ui\20170724_mycolor2\x64\release\audiostealer.exp
d:\hansdata\01_a\01_f\01_c#\01_rgb_kb_ui\20170724_mycolor2\audio\audiostealer\x64\release\vc140.pdb
d:\hansdata\01_a\01_f\01_c#\01_rgb_kb_ui\20170724_mycolor2\audio\audiostealer\x64\release\ledkeybd.obj
d:\hansdata\01_a\01_f\01_c#\01_rgb_kb_ui\20170724_mycolor2\audio\audiostealer\x64\release\audiostealer.obj
d:\hansdata\01_a\01_f\01_c#\01_rgb_kb_ui\20170724_mycolor2\x64\release\audiostealer.dll
d:\hansdata\01_a\01_f\01_c#\01_rgb_kb_ui\20170724_mycolor2\x64\release\audiostealer.ipdb
d:\hansdata\01_a\01_f\01_c#\01_rgb_kb_ui\20170724_mycolor2\x64\release\audiostealer.iobj
d:\hansdata\01_a\01_f\01_c#\01_rgb_kb_ui\20170724_mycolor2\x64\release\audiostealer.pdb
d:\hansdata\01_a\01_f\01_c#\01_rgb_kb_ui\20170727_mycolor2\audio\audiostealer\x64\release\audiostealer.obj
d:\hansdata\01_a\01_f\01_c#\01_rgb_kb_ui\20170727_mycolor2\audio\audiostealer\x64\release\ledkeybd.obj
d:\hansdata\01_a\01_f\01_c#\01_rgb_kb_ui\20170727_mycolor2\audio\audiostealer\x64\release\vc140.pdb
d:\hansdata\01_a\01_f\01_c#\01_rgb_kb_ui\20170727_mycolor2\x64\release\audiostealer.pdb
d:\hansdata\01_a\01_f\01_c#\01_rgb_kb_ui\20170727_mycolor2\x64\release\audiostealer.dll
d:\hansdata\01_a\01_f\01_c#\01_rgb_kb_ui\20170727_mycolor2\audio\audiostealer\x64\release\audiostealer.tlog\audiostealer.write.1u.tlog
d:\hansdata\01_a\01_f\01_c#\01_rgb_kb_ui\20170727_mycolor2\audio\audiostealer\x64\release\audiostealer.tlog\cl.command.1.tlog
d:\hansdata\01_a\01_f\01_c#\01_rgb_kb_ui\20170727_mycolor2\audio\audiostealer\x64\release\audiostealer.tlog\cl.read.1.tlog
d:\hansdata\01_a\01_f\01_c#\01_rgb_kb_ui\20170727_mycolor2\audio\audiostealer\x64\release\audiostealer.tlog\cl.write.1.tlog
d:\hansdata\01_a\01_f\01_c#\01_rgb_kb_ui\20170727_mycolor2\audio\audiostealer\x64\release\audiostealer.tlog\link.command.1.tlog
d:\hansdata\01_a\01_f\01_c#\01_rgb_kb_ui\20170727_mycolor2\audio\audiostealer\x64\release\audiostealer.tlog\link.read.1.tlog
d:\hansdata\01_a\01_f\01_c#\01_rgb_kb_ui\20170727_mycolor2\audio\audiostealer\x64\release\audiostealer.tlog\link.write.1.tlog
