d:\hansdata\01_a\01_f\01_c#\01_rgb_kb_ui\20170718_mycolor2\x64\debug\grgbkb_dll.bsc
d:\hansdata\01_a\01_f\01_c#\01_rgb_kb_ui\20170718_mycolor2\grgbkb_dll\grgbkb_dll\x64\debug\grgbkb_dll.pch
d:\hansdata\01_a\01_f\01_c#\01_rgb_kb_ui\20170718_mycolor2\grgbkb_dll\grgbkb_dll\x64\debug\vc140.pdb
d:\hansdata\01_a\01_f\01_c#\01_rgb_kb_ui\20170718_mycolor2\grgbkb_dll\grgbkb_dll\x64\debug\vc140.idb
d:\hansdata\01_a\01_f\01_c#\01_rgb_kb_ui\20170718_mycolor2\grgbkb_dll\grgbkb_dll\x64\debug\stdafx.sbr
d:\hansdata\01_a\01_f\01_c#\01_rgb_kb_ui\20170718_mycolor2\grgbkb_dll\grgbkb_dll\x64\debug\stdafx.obj
d:\hansdata\01_a\01_f\01_c#\01_rgb_kb_ui\20170718_mycolor2\grgbkb_dll\grgbkb_dll\x64\debug\dllmain.sbr
d:\hansdata\01_a\01_f\01_c#\01_rgb_kb_ui\20170718_mycolor2\grgbkb_dll\grgbkb_dll\x64\debug\dllmain.obj
d:\hansdata\01_a\01_f\01_c#\01_rgb_kb_ui\20170718_mycolor2\grgbkb_dll\grgbkb_dll\x64\debug\grgbkb_dll.sbr
d:\hansdata\01_a\01_f\01_c#\01_rgb_kb_ui\20170718_mycolor2\grgbkb_dll\grgbkb_dll\x64\debug\grgbkb_dll.obj
d:\hansdata\01_a\01_f\01_c#\01_rgb_kb_ui\20170718_mycolor2\x64\debug\grgbkb_dll.lib
d:\hansdata\01_a\01_f\01_c#\01_rgb_kb_ui\20170718_mycolor2\x64\debug\grgbkb_dll.exp
d:\hansdata\01_a\01_f\01_c#\01_rgb_kb_ui\20170718_mycolor2\x64\debug\grgbkb_dll.ilk
d:\hansdata\01_a\01_f\01_c#\01_rgb_kb_ui\20170718_mycolor2\x64\debug\grgbkb_dll.dll
d:\hansdata\01_a\01_f\01_c#\01_rgb_kb_ui\20170718_mycolor2\x64\debug\grgbkb_dll.pdb
d:\hansdata\01_a\01_f\01_c#\01_rgb_kb_ui\20170718_mycolor2\grgbkb_dll\grgbkb_dll\x64\debug\grgbkb_dll.tlog\bscmake.command.1.tlog
d:\hansdata\01_a\01_f\01_c#\01_rgb_kb_ui\20170718_mycolor2\grgbkb_dll\grgbkb_dll\x64\debug\grgbkb_dll.tlog\bscmake.read.1.tlog
d:\hansdata\01_a\01_f\01_c#\01_rgb_kb_ui\20170718_mycolor2\grgbkb_dll\grgbkb_dll\x64\debug\grgbkb_dll.tlog\bscmake.write.1.tlog
d:\hansdata\01_a\01_f\01_c#\01_rgb_kb_ui\20170718_mycolor2\grgbkb_dll\grgbkb_dll\x64\debug\grgbkb_dll.tlog\cl.command.1.tlog
d:\hansdata\01_a\01_f\01_c#\01_rgb_kb_ui\20170718_mycolor2\grgbkb_dll\grgbkb_dll\x64\debug\grgbkb_dll.tlog\cl.read.1.tlog
d:\hansdata\01_a\01_f\01_c#\01_rgb_kb_ui\20170718_mycolor2\grgbkb_dll\grgbkb_dll\x64\debug\grgbkb_dll.tlog\cl.write.1.tlog
d:\hansdata\01_a\01_f\01_c#\01_rgb_kb_ui\20170718_mycolor2\grgbkb_dll\grgbkb_dll\x64\debug\grgbkb_dll.tlog\grgbkb_dll.write.1u.tlog
d:\hansdata\01_a\01_f\01_c#\01_rgb_kb_ui\20170718_mycolor2\grgbkb_dll\grgbkb_dll\x64\debug\grgbkb_dll.tlog\link.command.1.tlog
d:\hansdata\01_a\01_f\01_c#\01_rgb_kb_ui\20170718_mycolor2\grgbkb_dll\grgbkb_dll\x64\debug\grgbkb_dll.tlog\link.read.1.tlog
d:\hansdata\01_a\01_f\01_c#\01_rgb_kb_ui\20170718_mycolor2\grgbkb_dll\grgbkb_dll\x64\debug\grgbkb_dll.tlog\link.write.1.tlog
